[Sat Sep 03 23:27:58.572293 2022] [ssl:warn] [pid 4976:tid 428] AH01909: comprobuana.local:443:0 server certificate does NOT include an ID which matches the server name
[Sat Sep 03 23:27:58.796528 2022] [ssl:warn] [pid 4976:tid 428] AH01909: comprobuana.local:443:0 server certificate does NOT include an ID which matches the server name
[Sat Sep 03 23:27:59.870839 2022] [ssl:warn] [pid 2580:tid 436] AH01909: comprobuana.local:443:0 server certificate does NOT include an ID which matches the server name
[Sat Sep 03 23:28:00.049617 2022] [ssl:warn] [pid 2580:tid 436] AH01909: comprobuana.local:443:0 server certificate does NOT include an ID which matches the server name
[Mon Sep 05 14:02:52.183391 2022] [ssl:warn] [pid 4752:tid 636] AH01909: comprobuana.local:443:0 server certificate does NOT include an ID which matches the server name
[Mon Sep 05 14:02:53.863286 2022] [ssl:warn] [pid 4752:tid 636] AH01909: comprobuana.local:443:0 server certificate does NOT include an ID which matches the server name
[Mon Sep 05 14:02:56.090664 2022] [ssl:warn] [pid 7116:tid 376] AH01909: comprobuana.local:443:0 server certificate does NOT include an ID which matches the server name
[Mon Sep 05 14:02:56.184824 2022] [ssl:warn] [pid 7116:tid 376] AH01909: comprobuana.local:443:0 server certificate does NOT include an ID which matches the server name
[Tue Sep 06 21:35:59.661242 2022] [ssl:warn] [pid 4704:tid 364] AH01909: comprobuana.local:443:0 server certificate does NOT include an ID which matches the server name
[Tue Sep 06 21:35:59.877658 2022] [ssl:warn] [pid 4704:tid 364] AH01909: comprobuana.local:443:0 server certificate does NOT include an ID which matches the server name
[Tue Sep 06 21:36:00.840131 2022] [ssl:warn] [pid 6852:tid 488] AH01909: comprobuana.local:443:0 server certificate does NOT include an ID which matches the server name
[Tue Sep 06 21:36:00.999908 2022] [ssl:warn] [pid 6852:tid 488] AH01909: comprobuana.local:443:0 server certificate does NOT include an ID which matches the server name
[Thu Sep 08 22:22:52.441243 2022] [ssl:warn] [pid 4612:tid 176] AH01909: comprobuana.local:443:0 server certificate does NOT include an ID which matches the server name
[Thu Sep 08 22:22:52.712160 2022] [ssl:warn] [pid 4612:tid 176] AH01909: comprobuana.local:443:0 server certificate does NOT include an ID which matches the server name
[Thu Sep 08 22:22:53.745796 2022] [ssl:warn] [pid 7808:tid 420] AH01909: comprobuana.local:443:0 server certificate does NOT include an ID which matches the server name
[Thu Sep 08 22:22:53.926801 2022] [ssl:warn] [pid 7808:tid 420] AH01909: comprobuana.local:443:0 server certificate does NOT include an ID which matches the server name
[Mon Sep 12 17:47:35.407861 2022] [ssl:warn] [pid 4372:tid 448] AH01909: comprobuana.local:443:0 server certificate does NOT include an ID which matches the server name
[Mon Sep 12 17:47:35.942381 2022] [ssl:warn] [pid 4372:tid 448] AH01909: comprobuana.local:443:0 server certificate does NOT include an ID which matches the server name
[Mon Sep 12 17:47:39.434430 2022] [ssl:warn] [pid 7680:tid 160] AH01909: comprobuana.local:443:0 server certificate does NOT include an ID which matches the server name
[Mon Sep 12 17:47:39.544235 2022] [ssl:warn] [pid 7680:tid 160] AH01909: comprobuana.local:443:0 server certificate does NOT include an ID which matches the server name
[Tue Sep 13 22:30:04.518943 2022] [ssl:warn] [pid 4752:tid 572] AH01909: comprobuana.local:443:0 server certificate does NOT include an ID which matches the server name
[Tue Sep 13 22:30:04.946113 2022] [ssl:warn] [pid 4752:tid 572] AH01909: comprobuana.local:443:0 server certificate does NOT include an ID which matches the server name
[Tue Sep 13 22:30:06.016324 2022] [ssl:warn] [pid 8072:tid 416] AH01909: comprobuana.local:443:0 server certificate does NOT include an ID which matches the server name
[Tue Sep 13 22:30:06.189648 2022] [ssl:warn] [pid 8072:tid 416] AH01909: comprobuana.local:443:0 server certificate does NOT include an ID which matches the server name
[Wed Sep 14 10:38:20.581169 2022] [ssl:warn] [pid 4800:tid 664] AH01909: comprobuana.local:443:0 server certificate does NOT include an ID which matches the server name
[Wed Sep 14 10:38:20.976445 2022] [ssl:warn] [pid 4800:tid 664] AH01909: comprobuana.local:443:0 server certificate does NOT include an ID which matches the server name
[Wed Sep 14 10:38:23.443908 2022] [ssl:warn] [pid 8072:tid 560] AH01909: comprobuana.local:443:0 server certificate does NOT include an ID which matches the server name
[Wed Sep 14 10:38:24.718922 2022] [ssl:warn] [pid 8072:tid 560] AH01909: comprobuana.local:443:0 server certificate does NOT include an ID which matches the server name
[Wed Sep 14 14:07:31.499580 2022] [ssl:warn] [pid 12816:tid 624] AH01909: comprobuana.local:443:0 server certificate does NOT include an ID which matches the server name
[Wed Sep 14 14:07:32.715769 2022] [ssl:warn] [pid 12816:tid 624] AH01909: comprobuana.local:443:0 server certificate does NOT include an ID which matches the server name
[Wed Sep 14 14:07:34.637169 2022] [ssl:warn] [pid 13784:tid 164] AH01909: comprobuana.local:443:0 server certificate does NOT include an ID which matches the server name
[Wed Sep 14 14:07:35.908915 2022] [ssl:warn] [pid 13784:tid 164] AH01909: comprobuana.local:443:0 server certificate does NOT include an ID which matches the server name
[Wed Sep 14 14:10:18.314170 2022] [ssl:warn] [pid 8564:tid 480] AH01909: comprobuana.local:443:0 server certificate does NOT include an ID which matches the server name
[Wed Sep 14 14:10:19.461080 2022] [ssl:warn] [pid 8564:tid 480] AH01909: comprobuana.local:443:0 server certificate does NOT include an ID which matches the server name
[Wed Sep 14 14:10:20.999747 2022] [ssl:warn] [pid 11152:tid 380] AH01909: comprobuana.local:443:0 server certificate does NOT include an ID which matches the server name
[Wed Sep 14 14:10:22.186370 2022] [ssl:warn] [pid 11152:tid 380] AH01909: comprobuana.local:443:0 server certificate does NOT include an ID which matches the server name
[Fri Sep 16 12:58:32.896612 2022] [ssl:warn] [pid 4724:tid 376] AH01909: comprobuana.local:443:0 server certificate does NOT include an ID which matches the server name
[Fri Sep 16 12:58:33.154727 2022] [ssl:warn] [pid 4724:tid 376] AH01909: comprobuana.local:443:0 server certificate does NOT include an ID which matches the server name
[Fri Sep 16 12:58:35.323188 2022] [ssl:warn] [pid 4816:tid 472] AH01909: comprobuana.local:443:0 server certificate does NOT include an ID which matches the server name
[Fri Sep 16 12:58:36.463311 2022] [ssl:warn] [pid 4816:tid 472] AH01909: comprobuana.local:443:0 server certificate does NOT include an ID which matches the server name
[Sun Sep 18 13:38:25.911899 2022] [ssl:warn] [pid 4612:tid 536] AH01909: comprobuana.local:443:0 server certificate does NOT include an ID which matches the server name
[Sun Sep 18 13:38:26.203712 2022] [ssl:warn] [pid 4612:tid 536] AH01909: comprobuana.local:443:0 server certificate does NOT include an ID which matches the server name
[Sun Sep 18 13:38:27.352415 2022] [ssl:warn] [pid 7696:tid 512] AH01909: comprobuana.local:443:0 server certificate does NOT include an ID which matches the server name
[Sun Sep 18 13:38:27.529881 2022] [ssl:warn] [pid 7696:tid 512] AH01909: comprobuana.local:443:0 server certificate does NOT include an ID which matches the server name
[Mon Sep 19 08:26:31.399675 2022] [ssl:warn] [pid 4452:tid 348] AH01909: comprobuana.local:443:0 server certificate does NOT include an ID which matches the server name
[Mon Sep 19 08:26:31.638566 2022] [ssl:warn] [pid 4452:tid 348] AH01909: comprobuana.local:443:0 server certificate does NOT include an ID which matches the server name
[Mon Sep 19 08:26:32.850541 2022] [ssl:warn] [pid 7536:tid 596] AH01909: comprobuana.local:443:0 server certificate does NOT include an ID which matches the server name
[Mon Sep 19 08:26:33.067014 2022] [ssl:warn] [pid 7536:tid 596] AH01909: comprobuana.local:443:0 server certificate does NOT include an ID which matches the server name
[Tue Sep 20 09:57:36.195972 2022] [ssl:warn] [pid 4600:tid 656] AH01909: comprobuana.local:443:0 server certificate does NOT include an ID which matches the server name
[Tue Sep 20 09:57:36.608965 2022] [ssl:warn] [pid 4600:tid 656] AH01909: comprobuana.local:443:0 server certificate does NOT include an ID which matches the server name
[Tue Sep 20 09:57:37.718604 2022] [ssl:warn] [pid 7772:tid 504] AH01909: comprobuana.local:443:0 server certificate does NOT include an ID which matches the server name
[Tue Sep 20 09:57:37.922891 2022] [ssl:warn] [pid 7772:tid 504] AH01909: comprobuana.local:443:0 server certificate does NOT include an ID which matches the server name
[Tue Sep 20 13:40:41.009666 2022] [ssl:warn] [pid 4624:tid 516] AH01909: comprobuana.local:443:0 server certificate does NOT include an ID which matches the server name
[Tue Sep 20 13:40:41.295320 2022] [ssl:warn] [pid 4624:tid 516] AH01909: comprobuana.local:443:0 server certificate does NOT include an ID which matches the server name
[Tue Sep 20 13:40:42.524218 2022] [ssl:warn] [pid 7900:tid 440] AH01909: comprobuana.local:443:0 server certificate does NOT include an ID which matches the server name
[Tue Sep 20 13:40:42.696560 2022] [ssl:warn] [pid 7900:tid 440] AH01909: comprobuana.local:443:0 server certificate does NOT include an ID which matches the server name
[Thu Sep 22 09:14:06.738179 2022] [ssl:warn] [pid 4692:tid 412] AH01909: comprobuana.local:443:0 server certificate does NOT include an ID which matches the server name
[Thu Sep 22 09:14:07.015350 2022] [ssl:warn] [pid 4692:tid 412] AH01909: comprobuana.local:443:0 server certificate does NOT include an ID which matches the server name
[Thu Sep 22 09:14:08.116296 2022] [ssl:warn] [pid 7748:tid 536] AH01909: comprobuana.local:443:0 server certificate does NOT include an ID which matches the server name
[Thu Sep 22 09:14:08.350208 2022] [ssl:warn] [pid 7748:tid 536] AH01909: comprobuana.local:443:0 server certificate does NOT include an ID which matches the server name
[Fri Sep 23 09:25:27.923420 2022] [ssl:warn] [pid 4564:tid 632] AH01909: comprobuana.local:443:0 server certificate does NOT include an ID which matches the server name
[Fri Sep 23 09:25:28.276415 2022] [ssl:warn] [pid 4564:tid 632] AH01909: comprobuana.local:443:0 server certificate does NOT include an ID which matches the server name
[Fri Sep 23 09:25:29.254956 2022] [ssl:warn] [pid 7904:tid 568] AH01909: comprobuana.local:443:0 server certificate does NOT include an ID which matches the server name
[Fri Sep 23 09:25:29.462979 2022] [ssl:warn] [pid 7904:tid 568] AH01909: comprobuana.local:443:0 server certificate does NOT include an ID which matches the server name
[Fri Sep 23 14:23:14.008790 2022] [ssl:warn] [pid 4800:tid 496] AH01909: comprobuana.local:443:0 server certificate does NOT include an ID which matches the server name
[Fri Sep 23 14:23:15.167943 2022] [ssl:warn] [pid 4800:tid 496] AH01909: comprobuana.local:443:0 server certificate does NOT include an ID which matches the server name
[Fri Sep 23 14:23:17.007773 2022] [ssl:warn] [pid 23428:tid 376] AH01909: comprobuana.local:443:0 server certificate does NOT include an ID which matches the server name
[Fri Sep 23 14:23:18.184629 2022] [ssl:warn] [pid 23428:tid 376] AH01909: comprobuana.local:443:0 server certificate does NOT include an ID which matches the server name
[Sun Sep 25 17:23:41.540202 2022] [ssl:warn] [pid 4376:tid 456] AH01909: comprobuana.local:443:0 server certificate does NOT include an ID which matches the server name
[Sun Sep 25 17:23:41.884343 2022] [ssl:warn] [pid 4376:tid 456] AH01909: comprobuana.local:443:0 server certificate does NOT include an ID which matches the server name
[Sun Sep 25 17:23:43.053629 2022] [ssl:warn] [pid 7324:tid 464] AH01909: comprobuana.local:443:0 server certificate does NOT include an ID which matches the server name
[Sun Sep 25 17:23:43.331953 2022] [ssl:warn] [pid 7324:tid 464] AH01909: comprobuana.local:443:0 server certificate does NOT include an ID which matches the server name
[Mon Sep 26 14:33:13.009552 2022] [:error] [pid 7324:tid 1888] [client 127.0.0.1:57389] PHP Fatal error:  Call to a member function search() on null in D:\\github\\compro-buana\\application\\controllers\\Produk.php on line 91, referer: https://comprobuana.local/
[Mon Sep 26 14:50:01.126371 2022] [:error] [pid 7324:tid 1924] [client 127.0.0.1:57966] PHP Fatal error:  Call to a member function row() on boolean in D:\\github\\compro-buana\\application\\models\\Konfigurasi_model.php on line 16, referer: https://comprobuana.local/Produk?keyword=
[Mon Sep 26 14:50:13.399179 2022] [:error] [pid 7324:tid 1864] [client 127.0.0.1:57977] PHP Fatal error:  Call to a member function row() on boolean in D:\\github\\compro-buana\\application\\models\\Konfigurasi_model.php on line 16, referer: https://comprobuana.local/Produk?keyword=
[Mon Sep 26 14:50:45.082752 2022] [:error] [pid 7324:tid 1864] [client 127.0.0.1:58011] PHP Fatal error:  Call to undefined method Produk_model::produkall() in D:\\github\\compro-buana\\application\\models\\Produk_model.php on line 72, referer: https://comprobuana.local/Produk?keyword=
[Mon Sep 26 15:13:29.967432 2022] [:error] [pid 7324:tid 1920] [client 127.0.0.1:58780] PHP Fatal error:  Call to a member function result() on boolean in D:\\github\\compro-buana\\application\\models\\Produk_model.php on line 93
[Mon Sep 26 15:22:34.208848 2022] [:error] [pid 7324:tid 1924] [client 127.0.0.1:59060] PHP Parse error:  syntax error, unexpected '}' in D:\\github\\compro-buana\\application\\views\\produk\\listproduk.php on line 28, referer: https://comprobuana.local/Produk?keyword=test
